<?xml version="1.0" encoding="UTF-8"?>
<!-- Generated by org.testng.reporters.JUnitReportReporter -->
<testsuite hostname="DESKTOP-NCKGJI9" failures="0" tests="6" name="API_First_Maven_Project.API_First_Maven_Project.DynamicJson" time="4.715" errors="0" timestamp="2023-10-02T22:26:55 IST" skipped="0">
  <testcase classname="API_First_Maven_Project.API_First_Maven_Project.DynamicJson" name="deleteBook" time="0.128"/>
  <system-out/>
  <testcase classname="API_First_Maven_Project.API_First_Maven_Project.DynamicJson" name="deleteBook" time="0.134"/>
  <system-out/>
  <testcase classname="API_First_Maven_Project.API_First_Maven_Project.DynamicJson" name="addBook" time="0.203"/>
  <system-out/>
  <testcase classname="API_First_Maven_Project.API_First_Maven_Project.DynamicJson" name="addBook" time="0.220"/>
  <system-out/>
  <testcase classname="API_First_Maven_Project.API_First_Maven_Project.DynamicJson" name="addBook" time="3.890"/>
  <system-out/>
  <testcase classname="API_First_Maven_Project.API_First_Maven_Project.DynamicJson" name="deleteBook" time="0.140"/>
  <system-out/>
</testsuite> <!-- API_First_Maven_Project.API_First_Maven_Project.DynamicJson -->
