<?xml version="1.0" encoding="UTF-8"?>
<!-- Generated by org.testng.reporters.JUnitReportReporter -->
<testsuite hostname="DESKTOP-NCKGJI9" failures="0" tests="6" name="API_First_Maven_Project.API_First_Maven_Project.DynamicJson" time="2.570" errors="0" timestamp="2023-10-02T22:54:17 IST" skipped="0">
  <testcase classname="API_First_Maven_Project.API_First_Maven_Project.DynamicJson" name="addBook" time="0.221"/>
  <system-out/>
  <testcase classname="API_First_Maven_Project.API_First_Maven_Project.DynamicJson" name="deleteBook" time="0.123"/>
  <system-out/>
  <testcase classname="API_First_Maven_Project.API_First_Maven_Project.DynamicJson" name="addBook" time="0.205"/>
  <system-out/>
  <testcase classname="API_First_Maven_Project.API_First_Maven_Project.DynamicJson" name="addBook" time="1.747"/>
  <system-out/>
  <testcase classname="API_First_Maven_Project.API_First_Maven_Project.DynamicJson" name="deleteBook" time="0.128"/>
  <system-out/>
  <testcase classname="API_First_Maven_Project.API_First_Maven_Project.DynamicJson" name="deleteBook" time="0.146"/>
  <system-out/>
</testsuite> <!-- API_First_Maven_Project.API_First_Maven_Project.DynamicJson -->
