<?xml version="1.0" encoding="UTF-8"?>
<!-- Generated by org.testng.reporters.JUnitReportReporter -->
<testsuite hostname="DESKTOP-NCKGJI9" failures="0" tests="1" name="API_First_Maven_Project.API_First_Maven_Project.SumValidations" time="4.234" errors="0" timestamp="2023-10-02T17:11:13 IST" skipped="0">
  <testcase classname="API_First_Maven_Project.API_First_Maven_Project.SumValidations" name="sumOfCourse" time="4.234"/>
  <system-out/>
</testsuite> <!-- API_First_Maven_Project.API_First_Maven_Project.SumValidations -->
