<?xml version="1.0" encoding="UTF-8"?>
<!-- Generated by org.testng.reporters.JUnitReportReporter -->
<testsuite hostname="DESKTOP-NCKGJI9" failures="0" tests="6" name="API_First_Maven_Project.API_First_Maven_Project.DynamicJson" time="2.631" errors="0" timestamp="2023-10-02T22:57:05 IST" skipped="0">
  <testcase classname="API_First_Maven_Project.API_First_Maven_Project.DynamicJson" name="deleteBook" time="0.133"/>
  <system-out/>
  <testcase classname="API_First_Maven_Project.API_First_Maven_Project.DynamicJson" name="addBook" time="0.182"/>
  <system-out/>
  <testcase classname="API_First_Maven_Project.API_First_Maven_Project.DynamicJson" name="addBook" time="0.190"/>
  <system-out/>
  <testcase classname="API_First_Maven_Project.API_First_Maven_Project.DynamicJson" name="deleteBook" time="0.111"/>
  <system-out/>
  <testcase classname="API_First_Maven_Project.API_First_Maven_Project.DynamicJson" name="deleteBook" time="0.153"/>
  <system-out/>
  <testcase classname="API_First_Maven_Project.API_First_Maven_Project.DynamicJson" name="addBook" time="1.862"/>
  <system-out/>
</testsuite> <!-- API_First_Maven_Project.API_First_Maven_Project.DynamicJson -->
