<?xml version="1.0" encoding="UTF-8"?>
<!-- Generated by org.testng.reporters.JUnitReportReporter -->
<testsuite hostname="DESKTOP-NCKGJI9" failures="0" tests="1" name="API_First_Maven_Project.API_First_Maven_Project.SumValidations" time="3.441" errors="0" timestamp="2023-10-02T22:57:05 IST" skipped="0">
  <testcase classname="API_First_Maven_Project.API_First_Maven_Project.SumValidations" name="sumOfCourse" time="3.441"/>
  <system-out/>
</testsuite> <!-- API_First_Maven_Project.API_First_Maven_Project.SumValidations -->
